<?xml version="1.0" encoding="UTF-8"?>
<!-- Generated by org.testng.reporters.JUnitReportReporter -->
<testsuite hostname="Vishnupriya-K" failures="0" tests="1" name="organization.CreateOrganizationTest" time="15.850" errors="0" timestamp="2025-07-08T14:51:24 IST" skipped="0">
  <testcase classname="organization.CreateOrganizationTest" name="createOrganizationTest" time="15.850"/>
</testsuite> <!-- organization.CreateOrganizationTest -->
