<?xml version="1.0" encoding="UTF-8"?>
<!-- Generated by org.testng.reporters.JUnitReportReporter -->
<testsuite hostname="Vishnupriya-K" failures="0" tests="1" name="contact.CreatecontactTest" time="23.949" errors="0" timestamp="2025-07-08T14:51:24 IST" skipped="0">
  <testcase classname="contact.CreatecontactTest" name="createcontactTest" time="23.949"/>
</testsuite> <!-- contact.CreatecontactTest -->
