<?xml version="1.0" encoding="UTF-8"?>
<!-- Generated by org.testng.reporters.JUnitReportReporter -->
<testsuite hostname="Vishnupriya-K" failures="0" tests="1" name="campaign.CreateCampaignTest" time="45.643" errors="0" timestamp="2025-07-16T08:24:41 IST" skipped="0">
  <testcase classname="campaign.CreateCampaignTest" name="createCampaignTest" time="45.643"/>
</testsuite> <!-- campaign.CreateCampaignTest -->
